2016/01/10 15:27:56 [error] [php] file_get_contents(): Filename cannot be empty (/home/wmx/www/project/test/webapp/protected/controllers/SiteController.php:103)
Stack trace:
#0 /home/wmx/www/project/test/yii-1.1.16.bca042/framework/web/CController.php(308): CInlineAction->runWithParams()
#1 /home/wmx/www/project/test/yii-1.1.16.bca042/framework/web/CController.php(286): SiteController->runAction()
#2 /home/wmx/www/project/test/yii-1.1.16.bca042/framework/web/CController.php(265): SiteController->runActionWithFilters()
#3 /home/wmx/www/project/test/yii-1.1.16.bca042/framework/web/CWebApplication.php(282): SiteController->run()
#4 /home/wmx/www/project/test/yii-1.1.16.bca042/framework/web/CWebApplication.php(141): CWebApplication->runController()
#5 /home/wmx/www/project/test/yii-1.1.16.bca042/framework/base/CApplication.php(184): CWebApplication->processRequest()
#6 /home/wmx/www/project/test/webapp/index.php(13): CWebApplication->run()
REQUEST_URI=/index.php?r=site/Mypdf
in /home/wmx/www/project/test/webapp/protected/controllers/SiteController.php (103)
in /home/wmx/www/project/test/webapp/index.php (13)
2016/01/10 15:27:57 [error] [php] file_get_contents(): Filename cannot be empty (/home/wmx/www/project/test/webapp/protected/controllers/SiteController.php:103)
Stack trace:
#0 /home/wmx/www/project/test/yii-1.1.16.bca042/framework/web/CController.php(308): CInlineAction->runWithParams()
#1 /home/wmx/www/project/test/yii-1.1.16.bca042/framework/web/CController.php(286): SiteController->runAction()
#2 /home/wmx/www/project/test/yii-1.1.16.bca042/framework/web/CController.php(265): SiteController->runActionWithFilters()
#3 /home/wmx/www/project/test/yii-1.1.16.bca042/framework/web/CWebApplication.php(282): SiteController->run()
#4 /home/wmx/www/project/test/yii-1.1.16.bca042/framework/web/CWebApplication.php(141): CWebApplication->runController()
#5 /home/wmx/www/project/test/yii-1.1.16.bca042/framework/base/CApplication.php(184): CWebApplication->processRequest()
#6 /home/wmx/www/project/test/webapp/index.php(13): CWebApplication->run()
REQUEST_URI=/index.php?r=site/Mypdf
in /home/wmx/www/project/test/webapp/protected/controllers/SiteController.php (103)
in /home/wmx/www/project/test/webapp/index.php (13)
2016/01/10 15:28:08 [error] [php] file_get_contents(): Filename cannot be empty (/home/wmx/www/project/test/webapp/protected/controllers/SiteController.php:103)
Stack trace:
#0 /home/wmx/www/project/test/yii-1.1.16.bca042/framework/web/CController.php(308): CInlineAction->runWithParams()
#1 /home/wmx/www/project/test/yii-1.1.16.bca042/framework/web/CController.php(286): SiteController->runAction()
#2 /home/wmx/www/project/test/yii-1.1.16.bca042/framework/web/CController.php(265): SiteController->runActionWithFilters()
#3 /home/wmx/www/project/test/yii-1.1.16.bca042/framework/web/CWebApplication.php(282): SiteController->run()
#4 /home/wmx/www/project/test/yii-1.1.16.bca042/framework/web/CWebApplication.php(141): CWebApplication->runController()
#5 /home/wmx/www/project/test/yii-1.1.16.bca042/framework/base/CApplication.php(184): CWebApplication->processRequest()
#6 /home/wmx/www/project/test/webapp/index.php(13): CWebApplication->run()
REQUEST_URI=/index.php?r=site/Mypdf
in /home/wmx/www/project/test/webapp/protected/controllers/SiteController.php (103)
in /home/wmx/www/project/test/webapp/index.php (13)
2016/01/10 15:28:09 [error] [php] file_get_contents(): Filename cannot be empty (/home/wmx/www/project/test/webapp/protected/controllers/SiteController.php:103)
Stack trace:
#0 /home/wmx/www/project/test/yii-1.1.16.bca042/framework/web/CController.php(308): CInlineAction->runWithParams()
#1 /home/wmx/www/project/test/yii-1.1.16.bca042/framework/web/CController.php(286): SiteController->runAction()
#2 /home/wmx/www/project/test/yii-1.1.16.bca042/framework/web/CController.php(265): SiteController->runActionWithFilters()
#3 /home/wmx/www/project/test/yii-1.1.16.bca042/framework/web/CWebApplication.php(282): SiteController->run()
#4 /home/wmx/www/project/test/yii-1.1.16.bca042/framework/web/CWebApplication.php(141): CWebApplication->runController()
#5 /home/wmx/www/project/test/yii-1.1.16.bca042/framework/base/CApplication.php(184): CWebApplication->processRequest()
#6 /home/wmx/www/project/test/webapp/index.php(13): CWebApplication->run()
REQUEST_URI=/index.php?r=site/Mypdf
in /home/wmx/www/project/test/webapp/protected/controllers/SiteController.php (103)
in /home/wmx/www/project/test/webapp/index.php (13)
2016/01/10 15:29:00 [error] [php] file_get_contents(): Filename cannot be empty (/home/wmx/www/project/test/webapp/protected/controllers/SiteController.php:103)
Stack trace:
#0 /home/wmx/www/project/test/yii-1.1.16.bca042/framework/web/CController.php(308): CInlineAction->runWithParams()
#1 /home/wmx/www/project/test/yii-1.1.16.bca042/framework/web/CController.php(286): SiteController->runAction()
#2 /home/wmx/www/project/test/yii-1.1.16.bca042/framework/web/CController.php(265): SiteController->runActionWithFilters()
#3 /home/wmx/www/project/test/yii-1.1.16.bca042/framework/web/CWebApplication.php(282): SiteController->run()
#4 /home/wmx/www/project/test/yii-1.1.16.bca042/framework/web/CWebApplication.php(141): CWebApplication->runController()
#5 /home/wmx/www/project/test/yii-1.1.16.bca042/framework/base/CApplication.php(184): CWebApplication->processRequest()
#6 /home/wmx/www/project/test/webapp/index.php(13): CWebApplication->run()
REQUEST_URI=/index.php?r=site/Mypdf
in /home/wmx/www/project/test/webapp/protected/controllers/SiteController.php (103)
in /home/wmx/www/project/test/webapp/index.php (13)
2016/01/10 15:29:01 [error] [php] file_get_contents(): Filename cannot be empty (/home/wmx/www/project/test/webapp/protected/controllers/SiteController.php:103)
Stack trace:
#0 /home/wmx/www/project/test/yii-1.1.16.bca042/framework/web/CController.php(308): CInlineAction->runWithParams()
#1 /home/wmx/www/project/test/yii-1.1.16.bca042/framework/web/CController.php(286): SiteController->runAction()
#2 /home/wmx/www/project/test/yii-1.1.16.bca042/framework/web/CController.php(265): SiteController->runActionWithFilters()
#3 /home/wmx/www/project/test/yii-1.1.16.bca042/framework/web/CWebApplication.php(282): SiteController->run()
#4 /home/wmx/www/project/test/yii-1.1.16.bca042/framework/web/CWebApplication.php(141): CWebApplication->runController()
#5 /home/wmx/www/project/test/yii-1.1.16.bca042/framework/base/CApplication.php(184): CWebApplication->processRequest()
#6 /home/wmx/www/project/test/webapp/index.php(13): CWebApplication->run()
REQUEST_URI=/index.php?r=site/Mypdf
in /home/wmx/www/project/test/webapp/protected/controllers/SiteController.php (103)
in /home/wmx/www/project/test/webapp/index.php (13)
2016/01/10 15:29:01 [error] [php] file_get_contents(): Filename cannot be empty (/home/wmx/www/project/test/webapp/protected/controllers/SiteController.php:103)
Stack trace:
#0 /home/wmx/www/project/test/yii-1.1.16.bca042/framework/web/CController.php(308): CInlineAction->runWithParams()
#1 /home/wmx/www/project/test/yii-1.1.16.bca042/framework/web/CController.php(286): SiteController->runAction()
#2 /home/wmx/www/project/test/yii-1.1.16.bca042/framework/web/CController.php(265): SiteController->runActionWithFilters()
#3 /home/wmx/www/project/test/yii-1.1.16.bca042/framework/web/CWebApplication.php(282): SiteController->run()
#4 /home/wmx/www/project/test/yii-1.1.16.bca042/framework/web/CWebApplication.php(141): CWebApplication->runController()
#5 /home/wmx/www/project/test/yii-1.1.16.bca042/framework/base/CApplication.php(184): CWebApplication->processRequest()
#6 /home/wmx/www/project/test/webapp/index.php(13): CWebApplication->run()
REQUEST_URI=/index.php?r=site/Mypdf
in /home/wmx/www/project/test/webapp/protected/controllers/SiteController.php (103)
in /home/wmx/www/project/test/webapp/index.php (13)
2016/01/10 15:29:01 [error] [php] file_get_contents(): Filename cannot be empty (/home/wmx/www/project/test/webapp/protected/controllers/SiteController.php:103)
Stack trace:
#0 /home/wmx/www/project/test/yii-1.1.16.bca042/framework/web/CController.php(308): CInlineAction->runWithParams()
#1 /home/wmx/www/project/test/yii-1.1.16.bca042/framework/web/CController.php(286): SiteController->runAction()
#2 /home/wmx/www/project/test/yii-1.1.16.bca042/framework/web/CController.php(265): SiteController->runActionWithFilters()
#3 /home/wmx/www/project/test/yii-1.1.16.bca042/framework/web/CWebApplication.php(282): SiteController->run()
#4 /home/wmx/www/project/test/yii-1.1.16.bca042/framework/web/CWebApplication.php(141): CWebApplication->runController()
#5 /home/wmx/www/project/test/yii-1.1.16.bca042/framework/base/CApplication.php(184): CWebApplication->processRequest()
#6 /home/wmx/www/project/test/webapp/index.php(13): CWebApplication->run()
REQUEST_URI=/index.php?r=site/Mypdf
in /home/wmx/www/project/test/webapp/protected/controllers/SiteController.php (103)
in /home/wmx/www/project/test/webapp/index.php (13)
2016/01/11 14:21:02 [error] [php] Missing argument 1 for mPDF::WriteHTML(), called in /home/wmx/www/project/test/webapp/protected/controllers/SiteController.php on line 105 and defined (/home/wmx/www/project/test/webapp/protected/extensions/MPDF/mpdf.php:12799)
Stack trace:
#0 /home/wmx/www/project/test/yii-1.1.16.bca042/framework/web/CController.php(308): CInlineAction->runWithParams()
#1 /home/wmx/www/project/test/yii-1.1.16.bca042/framework/web/CController.php(286): SiteController->runAction()
#2 /home/wmx/www/project/test/yii-1.1.16.bca042/framework/web/CController.php(265): SiteController->runActionWithFilters()
#3 /home/wmx/www/project/test/yii-1.1.16.bca042/framework/web/CWebApplication.php(282): SiteController->run()
#4 /home/wmx/www/project/test/yii-1.1.16.bca042/framework/web/CWebApplication.php(141): CWebApplication->runController()
#5 /home/wmx/www/project/test/yii-1.1.16.bca042/framework/base/CApplication.php(184): CWebApplication->processRequest()
#6 /home/wmx/www/project/test/webapp/index.php(13): CWebApplication->run()
REQUEST_URI=/index.php?r=site/Mypdf
in /home/wmx/www/project/test/webapp/protected/extensions/MPDF/mpdf.php (12799)
in /home/wmx/www/project/test/webapp/protected/controllers/SiteController.php (105)
in /home/wmx/www/project/test/webapp/index.php (13)
2016/01/11 14:21:04 [error] [php] Missing argument 1 for mPDF::WriteHTML(), called in /home/wmx/www/project/test/webapp/protected/controllers/SiteController.php on line 105 and defined (/home/wmx/www/project/test/webapp/protected/extensions/MPDF/mpdf.php:12799)
Stack trace:
#0 /home/wmx/www/project/test/yii-1.1.16.bca042/framework/web/CController.php(308): CInlineAction->runWithParams()
#1 /home/wmx/www/project/test/yii-1.1.16.bca042/framework/web/CController.php(286): SiteController->runAction()
#2 /home/wmx/www/project/test/yii-1.1.16.bca042/framework/web/CController.php(265): SiteController->runActionWithFilters()
#3 /home/wmx/www/project/test/yii-1.1.16.bca042/framework/web/CWebApplication.php(282): SiteController->run()
#4 /home/wmx/www/project/test/yii-1.1.16.bca042/framework/web/CWebApplication.php(141): CWebApplication->runController()
#5 /home/wmx/www/project/test/yii-1.1.16.bca042/framework/base/CApplication.php(184): CWebApplication->processRequest()
#6 /home/wmx/www/project/test/webapp/index.php(13): CWebApplication->run()
REQUEST_URI=/index.php?r=site/Mypdf
in /home/wmx/www/project/test/webapp/protected/extensions/MPDF/mpdf.php (12799)
in /home/wmx/www/project/test/webapp/protected/controllers/SiteController.php (105)
in /home/wmx/www/project/test/webapp/index.php (13)
2016/01/11 14:21:04 [error] [php] Missing argument 1 for mPDF::WriteHTML(), called in /home/wmx/www/project/test/webapp/protected/controllers/SiteController.php on line 105 and defined (/home/wmx/www/project/test/webapp/protected/extensions/MPDF/mpdf.php:12799)
Stack trace:
#0 /home/wmx/www/project/test/yii-1.1.16.bca042/framework/web/CController.php(308): CInlineAction->runWithParams()
#1 /home/wmx/www/project/test/yii-1.1.16.bca042/framework/web/CController.php(286): SiteController->runAction()
#2 /home/wmx/www/project/test/yii-1.1.16.bca042/framework/web/CController.php(265): SiteController->runActionWithFilters()
#3 /home/wmx/www/project/test/yii-1.1.16.bca042/framework/web/CWebApplication.php(282): SiteController->run()
#4 /home/wmx/www/project/test/yii-1.1.16.bca042/framework/web/CWebApplication.php(141): CWebApplication->runController()
#5 /home/wmx/www/project/test/yii-1.1.16.bca042/framework/base/CApplication.php(184): CWebApplication->processRequest()
#6 /home/wmx/www/project/test/webapp/index.php(13): CWebApplication->run()
REQUEST_URI=/index.php?r=site/Mypdf
in /home/wmx/www/project/test/webapp/protected/extensions/MPDF/mpdf.php (12799)
in /home/wmx/www/project/test/webapp/protected/controllers/SiteController.php (105)
in /home/wmx/www/project/test/webapp/index.php (13)
2016/01/11 14:21:04 [error] [php] Missing argument 1 for mPDF::WriteHTML(), called in /home/wmx/www/project/test/webapp/protected/controllers/SiteController.php on line 105 and defined (/home/wmx/www/project/test/webapp/protected/extensions/MPDF/mpdf.php:12799)
Stack trace:
#0 /home/wmx/www/project/test/yii-1.1.16.bca042/framework/web/CController.php(308): CInlineAction->runWithParams()
#1 /home/wmx/www/project/test/yii-1.1.16.bca042/framework/web/CController.php(286): SiteController->runAction()
#2 /home/wmx/www/project/test/yii-1.1.16.bca042/framework/web/CController.php(265): SiteController->runActionWithFilters()
#3 /home/wmx/www/project/test/yii-1.1.16.bca042/framework/web/CWebApplication.php(282): SiteController->run()
#4 /home/wmx/www/project/test/yii-1.1.16.bca042/framework/web/CWebApplication.php(141): CWebApplication->runController()
#5 /home/wmx/www/project/test/yii-1.1.16.bca042/framework/base/CApplication.php(184): CWebApplication->processRequest()
#6 /home/wmx/www/project/test/webapp/index.php(13): CWebApplication->run()
REQUEST_URI=/index.php?r=site/Mypdf
in /home/wmx/www/project/test/webapp/protected/extensions/MPDF/mpdf.php (12799)
in /home/wmx/www/project/test/webapp/protected/controllers/SiteController.php (105)
in /home/wmx/www/project/test/webapp/index.php (13)
2016/01/11 14:21:05 [error] [php] Missing argument 1 for mPDF::WriteHTML(), called in /home/wmx/www/project/test/webapp/protected/controllers/SiteController.php on line 105 and defined (/home/wmx/www/project/test/webapp/protected/extensions/MPDF/mpdf.php:12799)
Stack trace:
#0 /home/wmx/www/project/test/yii-1.1.16.bca042/framework/web/CController.php(308): CInlineAction->runWithParams()
#1 /home/wmx/www/project/test/yii-1.1.16.bca042/framework/web/CController.php(286): SiteController->runAction()
#2 /home/wmx/www/project/test/yii-1.1.16.bca042/framework/web/CController.php(265): SiteController->runActionWithFilters()
#3 /home/wmx/www/project/test/yii-1.1.16.bca042/framework/web/CWebApplication.php(282): SiteController->run()
#4 /home/wmx/www/project/test/yii-1.1.16.bca042/framework/web/CWebApplication.php(141): CWebApplication->runController()
#5 /home/wmx/www/project/test/yii-1.1.16.bca042/framework/base/CApplication.php(184): CWebApplication->processRequest()
#6 /home/wmx/www/project/test/webapp/index.php(13): CWebApplication->run()
REQUEST_URI=/index.php?r=site/Mypdf
in /home/wmx/www/project/test/webapp/protected/extensions/MPDF/mpdf.php (12799)
in /home/wmx/www/project/test/webapp/protected/controllers/SiteController.php (105)
in /home/wmx/www/project/test/webapp/index.php (13)
2016/01/11 22:41:02 [error] [php] include(mPDF.php): failed to open stream: No such file or directory (/home/wmx/www/project/test/yii-1.1.16.bca042/framework/YiiBase.php:432)
Stack trace:
#0 /home/wmx/www/project/test/webapp/protected/controllers/SiteController.php(102): spl_autoload_call()
#1 /home/wmx/www/project/test/yii-1.1.16.bca042/framework/web/actions/CInlineAction.php(49): SiteController->actionMyPdf()
#2 /home/wmx/www/project/test/yii-1.1.16.bca042/framework/web/CController.php(308): CInlineAction->runWithParams()
#3 /home/wmx/www/project/test/yii-1.1.16.bca042/framework/web/CController.php(286): SiteController->runAction()
#4 /home/wmx/www/project/test/yii-1.1.16.bca042/framework/web/CController.php(265): SiteController->runActionWithFilters()
#5 /home/wmx/www/project/test/yii-1.1.16.bca042/framework/web/CWebApplication.php(282): SiteController->run()
#6 /home/wmx/www/project/test/yii-1.1.16.bca042/framework/web/CWebApplication.php(141): CWebApplication->runController()
#7 /home/wmx/www/project/test/yii-1.1.16.bca042/framework/base/CApplication.php(184): CWebApplication->processRequest()
#8 /home/wmx/www/project/test/webapp/index.php(13): CWebApplication->run()
REQUEST_URI=/index.php?r=site/Mypdf
in /home/wmx/www/project/test/webapp/protected/controllers/SiteController.php (102)
in /home/wmx/www/project/test/webapp/index.php (13)
2016/01/11 22:41:53 [error] [php] include(mPDF.php): failed to open stream: No such file or directory (/home/wmx/www/project/test/yii-1.1.16.bca042/framework/YiiBase.php:432)
Stack trace:
#0 /home/wmx/www/project/test/webapp/protected/controllers/SiteController.php(102): spl_autoload_call()
#1 /home/wmx/www/project/test/yii-1.1.16.bca042/framework/web/actions/CInlineAction.php(49): SiteController->actionMyPdf()
#2 /home/wmx/www/project/test/yii-1.1.16.bca042/framework/web/CController.php(308): CInlineAction->runWithParams()
#3 /home/wmx/www/project/test/yii-1.1.16.bca042/framework/web/CController.php(286): SiteController->runAction()
#4 /home/wmx/www/project/test/yii-1.1.16.bca042/framework/web/CController.php(265): SiteController->runActionWithFilters()
#5 /home/wmx/www/project/test/yii-1.1.16.bca042/framework/web/CWebApplication.php(282): SiteController->run()
#6 /home/wmx/www/project/test/yii-1.1.16.bca042/framework/web/CWebApplication.php(141): CWebApplication->runController()
#7 /home/wmx/www/project/test/yii-1.1.16.bca042/framework/base/CApplication.php(184): CWebApplication->processRequest()
#8 /home/wmx/www/project/test/webapp/index.php(13): CWebApplication->run()
REQUEST_URI=/index.php?r=site/Mypdf
in /home/wmx/www/project/test/webapp/protected/controllers/SiteController.php (102)
in /home/wmx/www/project/test/webapp/index.php (13)
2016/01/11 22:41:54 [error] [php] include(mPDF.php): failed to open stream: No such file or directory (/home/wmx/www/project/test/yii-1.1.16.bca042/framework/YiiBase.php:432)
Stack trace:
#0 /home/wmx/www/project/test/webapp/protected/controllers/SiteController.php(102): spl_autoload_call()
#1 /home/wmx/www/project/test/yii-1.1.16.bca042/framework/web/actions/CInlineAction.php(49): SiteController->actionMyPdf()
#2 /home/wmx/www/project/test/yii-1.1.16.bca042/framework/web/CController.php(308): CInlineAction->runWithParams()
#3 /home/wmx/www/project/test/yii-1.1.16.bca042/framework/web/CController.php(286): SiteController->runAction()
#4 /home/wmx/www/project/test/yii-1.1.16.bca042/framework/web/CController.php(265): SiteController->runActionWithFilters()
#5 /home/wmx/www/project/test/yii-1.1.16.bca042/framework/web/CWebApplication.php(282): SiteController->run()
#6 /home/wmx/www/project/test/yii-1.1.16.bca042/framework/web/CWebApplication.php(141): CWebApplication->runController()
#7 /home/wmx/www/project/test/yii-1.1.16.bca042/framework/base/CApplication.php(184): CWebApplication->processRequest()
#8 /home/wmx/www/project/test/webapp/index.php(13): CWebApplication->run()
REQUEST_URI=/index.php?r=site/Mypdf
in /home/wmx/www/project/test/webapp/protected/controllers/SiteController.php (102)
in /home/wmx/www/project/test/webapp/index.php (13)
2016/01/11 22:41:55 [error] [php] include(mPDF.php): failed to open stream: No such file or directory (/home/wmx/www/project/test/yii-1.1.16.bca042/framework/YiiBase.php:432)
Stack trace:
#0 /home/wmx/www/project/test/webapp/protected/controllers/SiteController.php(102): spl_autoload_call()
#1 /home/wmx/www/project/test/yii-1.1.16.bca042/framework/web/actions/CInlineAction.php(49): SiteController->actionMyPdf()
#2 /home/wmx/www/project/test/yii-1.1.16.bca042/framework/web/CController.php(308): CInlineAction->runWithParams()
#3 /home/wmx/www/project/test/yii-1.1.16.bca042/framework/web/CController.php(286): SiteController->runAction()
#4 /home/wmx/www/project/test/yii-1.1.16.bca042/framework/web/CController.php(265): SiteController->runActionWithFilters()
#5 /home/wmx/www/project/test/yii-1.1.16.bca042/framework/web/CWebApplication.php(282): SiteController->run()
#6 /home/wmx/www/project/test/yii-1.1.16.bca042/framework/web/CWebApplication.php(141): CWebApplication->runController()
#7 /home/wmx/www/project/test/yii-1.1.16.bca042/framework/base/CApplication.php(184): CWebApplication->processRequest()
#8 /home/wmx/www/project/test/webapp/index.php(13): CWebApplication->run()
REQUEST_URI=/index.php?r=site/Mypdf
in /home/wmx/www/project/test/webapp/protected/controllers/SiteController.php (102)
in /home/wmx/www/project/test/webapp/index.php (13)
2016/01/11 22:41:55 [error] [php] include(mPDF.php): failed to open stream: No such file or directory (/home/wmx/www/project/test/yii-1.1.16.bca042/framework/YiiBase.php:432)
Stack trace:
#0 /home/wmx/www/project/test/webapp/protected/controllers/SiteController.php(102): spl_autoload_call()
#1 /home/wmx/www/project/test/yii-1.1.16.bca042/framework/web/actions/CInlineAction.php(49): SiteController->actionMyPdf()
#2 /home/wmx/www/project/test/yii-1.1.16.bca042/framework/web/CController.php(308): CInlineAction->runWithParams()
#3 /home/wmx/www/project/test/yii-1.1.16.bca042/framework/web/CController.php(286): SiteController->runAction()
#4 /home/wmx/www/project/test/yii-1.1.16.bca042/framework/web/CController.php(265): SiteController->runActionWithFilters()
#5 /home/wmx/www/project/test/yii-1.1.16.bca042/framework/web/CWebApplication.php(282): SiteController->run()
#6 /home/wmx/www/project/test/yii-1.1.16.bca042/framework/web/CWebApplication.php(141): CWebApplication->runController()
#7 /home/wmx/www/project/test/yii-1.1.16.bca042/framework/base/CApplication.php(184): CWebApplication->processRequest()
#8 /home/wmx/www/project/test/webapp/index.php(13): CWebApplication->run()
REQUEST_URI=/index.php?r=site/Mypdf
in /home/wmx/www/project/test/webapp/protected/controllers/SiteController.php (102)
in /home/wmx/www/project/test/webapp/index.php (13)
2016/01/11 22:41:55 [error] [php] include(mPDF.php): failed to open stream: No such file or directory (/home/wmx/www/project/test/yii-1.1.16.bca042/framework/YiiBase.php:432)
Stack trace:
#0 /home/wmx/www/project/test/webapp/protected/controllers/SiteController.php(102): spl_autoload_call()
#1 /home/wmx/www/project/test/yii-1.1.16.bca042/framework/web/actions/CInlineAction.php(49): SiteController->actionMyPdf()
#2 /home/wmx/www/project/test/yii-1.1.16.bca042/framework/web/CController.php(308): CInlineAction->runWithParams()
#3 /home/wmx/www/project/test/yii-1.1.16.bca042/framework/web/CController.php(286): SiteController->runAction()
#4 /home/wmx/www/project/test/yii-1.1.16.bca042/framework/web/CController.php(265): SiteController->runActionWithFilters()
#5 /home/wmx/www/project/test/yii-1.1.16.bca042/framework/web/CWebApplication.php(282): SiteController->run()
#6 /home/wmx/www/project/test/yii-1.1.16.bca042/framework/web/CWebApplication.php(141): CWebApplication->runController()
#7 /home/wmx/www/project/test/yii-1.1.16.bca042/framework/base/CApplication.php(184): CWebApplication->processRequest()
#8 /home/wmx/www/project/test/webapp/index.php(13): CWebApplication->run()
REQUEST_URI=/index.php?r=site/Mypdf
in /home/wmx/www/project/test/webapp/protected/controllers/SiteController.php (102)
in /home/wmx/www/project/test/webapp/index.php (13)
2016/01/11 22:41:55 [error] [php] include(mPDF.php): failed to open stream: No such file or directory (/home/wmx/www/project/test/yii-1.1.16.bca042/framework/YiiBase.php:432)
Stack trace:
#0 /home/wmx/www/project/test/webapp/protected/controllers/SiteController.php(102): spl_autoload_call()
#1 /home/wmx/www/project/test/yii-1.1.16.bca042/framework/web/actions/CInlineAction.php(49): SiteController->actionMyPdf()
#2 /home/wmx/www/project/test/yii-1.1.16.bca042/framework/web/CController.php(308): CInlineAction->runWithParams()
#3 /home/wmx/www/project/test/yii-1.1.16.bca042/framework/web/CController.php(286): SiteController->runAction()
#4 /home/wmx/www/project/test/yii-1.1.16.bca042/framework/web/CController.php(265): SiteController->runActionWithFilters()
#5 /home/wmx/www/project/test/yii-1.1.16.bca042/framework/web/CWebApplication.php(282): SiteController->run()
#6 /home/wmx/www/project/test/yii-1.1.16.bca042/framework/web/CWebApplication.php(141): CWebApplication->runController()
#7 /home/wmx/www/project/test/yii-1.1.16.bca042/framework/base/CApplication.php(184): CWebApplication->processRequest()
#8 /home/wmx/www/project/test/webapp/index.php(13): CWebApplication->run()
REQUEST_URI=/index.php?r=site/Mypdf
in /home/wmx/www/project/test/webapp/protected/controllers/SiteController.php (102)
in /home/wmx/www/project/test/webapp/index.php (13)
2016/01/11 14:43:40 [error] [php] unlink(/home/wmx/www/project/test/webapp/protected/extensions/MPDF/tmp/dummy.txt): Permission denied (/home/wmx/www/project/test/webapp/protected/extensions/MPDF/mPDF.php:7505)
Stack trace:
#0 /home/wmx/www/project/test/yii-1.1.16.bca042/framework/web/actions/CInlineAction.php(49): SiteController->actionMyPdf()
#1 /home/wmx/www/project/test/yii-1.1.16.bca042/framework/web/CController.php(308): CInlineAction->runWithParams()
#2 /home/wmx/www/project/test/yii-1.1.16.bca042/framework/web/CController.php(286): SiteController->runAction()
#3 /home/wmx/www/project/test/yii-1.1.16.bca042/framework/web/CController.php(265): SiteController->runActionWithFilters()
#4 /home/wmx/www/project/test/yii-1.1.16.bca042/framework/web/CWebApplication.php(282): SiteController->run()
#5 /home/wmx/www/project/test/yii-1.1.16.bca042/framework/web/CWebApplication.php(141): CWebApplication->runController()
#6 /home/wmx/www/project/test/yii-1.1.16.bca042/framework/base/CApplication.php(184): CWebApplication->processRequest()
#7 /home/wmx/www/project/test/webapp/index.php(13): CWebApplication->run()
REQUEST_URI=/index.php?r=site/Mypdf
in /home/wmx/www/project/test/webapp/protected/extensions/MPDF/mPDF.php (7505)
in /home/wmx/www/project/test/webapp/protected/controllers/SiteController.php (104)
in /home/wmx/www/project/test/webapp/index.php (13)
2016/01/11 14:43:54 [error] [php] unlink(/home/wmx/www/project/test/webapp/protected/extensions/MPDF/tmp/dummy.txt): Permission denied (/home/wmx/www/project/test/webapp/protected/extensions/MPDF/mPDF.php:7505)
Stack trace:
#0 /home/wmx/www/project/test/yii-1.1.16.bca042/framework/web/actions/CInlineAction.php(49): SiteController->actionMyPdf()
#1 /home/wmx/www/project/test/yii-1.1.16.bca042/framework/web/CController.php(308): CInlineAction->runWithParams()
#2 /home/wmx/www/project/test/yii-1.1.16.bca042/framework/web/CController.php(286): SiteController->runAction()
#3 /home/wmx/www/project/test/yii-1.1.16.bca042/framework/web/CController.php(265): SiteController->runActionWithFilters()
#4 /home/wmx/www/project/test/yii-1.1.16.bca042/framework/web/CWebApplication.php(282): SiteController->run()
#5 /home/wmx/www/project/test/yii-1.1.16.bca042/framework/web/CWebApplication.php(141): CWebApplication->runController()
#6 /home/wmx/www/project/test/yii-1.1.16.bca042/framework/base/CApplication.php(184): CWebApplication->processRequest()
#7 /home/wmx/www/project/test/webapp/index.php(13): CWebApplication->run()
REQUEST_URI=/index.php?r=site/Mypdf
in /home/wmx/www/project/test/webapp/protected/extensions/MPDF/mPDF.php (7505)
in /home/wmx/www/project/test/webapp/protected/controllers/SiteController.php (105)
in /home/wmx/www/project/test/webapp/index.php (13)
2016/01/11 14:43:55 [error] [php] unlink(/home/wmx/www/project/test/webapp/protected/extensions/MPDF/tmp/dummy.txt): Permission denied (/home/wmx/www/project/test/webapp/protected/extensions/MPDF/mPDF.php:7505)
Stack trace:
#0 /home/wmx/www/project/test/yii-1.1.16.bca042/framework/web/actions/CInlineAction.php(49): SiteController->actionMyPdf()
#1 /home/wmx/www/project/test/yii-1.1.16.bca042/framework/web/CController.php(308): CInlineAction->runWithParams()
#2 /home/wmx/www/project/test/yii-1.1.16.bca042/framework/web/CController.php(286): SiteController->runAction()
#3 /home/wmx/www/project/test/yii-1.1.16.bca042/framework/web/CController.php(265): SiteController->runActionWithFilters()
#4 /home/wmx/www/project/test/yii-1.1.16.bca042/framework/web/CWebApplication.php(282): SiteController->run()
#5 /home/wmx/www/project/test/yii-1.1.16.bca042/framework/web/CWebApplication.php(141): CWebApplication->runController()
#6 /home/wmx/www/project/test/yii-1.1.16.bca042/framework/base/CApplication.php(184): CWebApplication->processRequest()
#7 /home/wmx/www/project/test/webapp/index.php(13): CWebApplication->run()
REQUEST_URI=/index.php?r=site/Mypdf
in /home/wmx/www/project/test/webapp/protected/extensions/MPDF/mPDF.php (7505)
in /home/wmx/www/project/test/webapp/protected/controllers/SiteController.php (105)
in /home/wmx/www/project/test/webapp/index.php (13)
2016/01/11 14:44:02 [error] [php] unlink(/home/wmx/www/project/test/webapp/protected/extensions/MPDF/tmp/dummy.txt): Permission denied (/home/wmx/www/project/test/webapp/protected/extensions/MPDF/mPDF.php:7505)
Stack trace:
#0 /home/wmx/www/project/test/yii-1.1.16.bca042/framework/web/actions/CInlineAction.php(49): SiteController->actionMyPdf()
#1 /home/wmx/www/project/test/yii-1.1.16.bca042/framework/web/CController.php(308): CInlineAction->runWithParams()
#2 /home/wmx/www/project/test/yii-1.1.16.bca042/framework/web/CController.php(286): SiteController->runAction()
#3 /home/wmx/www/project/test/yii-1.1.16.bca042/framework/web/CController.php(265): SiteController->runActionWithFilters()
#4 /home/wmx/www/project/test/yii-1.1.16.bca042/framework/web/CWebApplication.php(282): SiteController->run()
#5 /home/wmx/www/project/test/yii-1.1.16.bca042/framework/web/CWebApplication.php(141): CWebApplication->runController()
#6 /home/wmx/www/project/test/yii-1.1.16.bca042/framework/base/CApplication.php(184): CWebApplication->processRequest()
#7 /home/wmx/www/project/test/webapp/index.php(13): CWebApplication->run()
REQUEST_URI=/index.php?r=site/Mypdf
in /home/wmx/www/project/test/webapp/protected/extensions/MPDF/mPDF.php (7505)
in /home/wmx/www/project/test/webapp/protected/controllers/SiteController.php (105)
in /home/wmx/www/project/test/webapp/index.php (13)
2016/01/11 14:44:03 [error] [php] unlink(/home/wmx/www/project/test/webapp/protected/extensions/MPDF/tmp/dummy.txt): Permission denied (/home/wmx/www/project/test/webapp/protected/extensions/MPDF/mPDF.php:7505)
Stack trace:
#0 /home/wmx/www/project/test/yii-1.1.16.bca042/framework/web/actions/CInlineAction.php(49): SiteController->actionMyPdf()
#1 /home/wmx/www/project/test/yii-1.1.16.bca042/framework/web/CController.php(308): CInlineAction->runWithParams()
#2 /home/wmx/www/project/test/yii-1.1.16.bca042/framework/web/CController.php(286): SiteController->runAction()
#3 /home/wmx/www/project/test/yii-1.1.16.bca042/framework/web/CController.php(265): SiteController->runActionWithFilters()
#4 /home/wmx/www/project/test/yii-1.1.16.bca042/framework/web/CWebApplication.php(282): SiteController->run()
#5 /home/wmx/www/project/test/yii-1.1.16.bca042/framework/web/CWebApplication.php(141): CWebApplication->runController()
#6 /home/wmx/www/project/test/yii-1.1.16.bca042/framework/base/CApplication.php(184): CWebApplication->processRequest()
#7 /home/wmx/www/project/test/webapp/index.php(13): CWebApplication->run()
REQUEST_URI=/index.php?r=site/Mypdf
in /home/wmx/www/project/test/webapp/protected/extensions/MPDF/mPDF.php (7505)
in /home/wmx/www/project/test/webapp/protected/controllers/SiteController.php (105)
in /home/wmx/www/project/test/webapp/index.php (13)
2016/01/11 14:44:52 [error] [php] unlink(/home/wmx/www/project/test/webapp/protected/extensions/MPDF/tmp/dummy.txt): Permission denied (/home/wmx/www/project/test/webapp/protected/extensions/MPDF/mPDF.php:7505)
Stack trace:
#0 /home/wmx/www/project/test/yii-1.1.16.bca042/framework/web/actions/CInlineAction.php(49): SiteController->actionMyPdf()
#1 /home/wmx/www/project/test/yii-1.1.16.bca042/framework/web/CController.php(308): CInlineAction->runWithParams()
#2 /home/wmx/www/project/test/yii-1.1.16.bca042/framework/web/CController.php(286): SiteController->runAction()
#3 /home/wmx/www/project/test/yii-1.1.16.bca042/framework/web/CController.php(265): SiteController->runActionWithFilters()
#4 /home/wmx/www/project/test/yii-1.1.16.bca042/framework/web/CWebApplication.php(282): SiteController->run()
#5 /home/wmx/www/project/test/yii-1.1.16.bca042/framework/web/CWebApplication.php(141): CWebApplication->runController()
#6 /home/wmx/www/project/test/yii-1.1.16.bca042/framework/base/CApplication.php(184): CWebApplication->processRequest()
#7 /home/wmx/www/project/test/webapp/index.php(13): CWebApplication->run()
REQUEST_URI=/index.php?r=site/Mypdf
in /home/wmx/www/project/test/webapp/protected/extensions/MPDF/mPDF.php (7505)
in /home/wmx/www/project/test/webapp/protected/controllers/SiteController.php (105)
in /home/wmx/www/project/test/webapp/index.php (13)
2016/01/11 14:44:54 [error] [php] unlink(/home/wmx/www/project/test/webapp/protected/extensions/MPDF/tmp/dummy.txt): Permission denied (/home/wmx/www/project/test/webapp/protected/extensions/MPDF/mPDF.php:7505)
Stack trace:
#0 /home/wmx/www/project/test/yii-1.1.16.bca042/framework/web/actions/CInlineAction.php(49): SiteController->actionMyPdf()
#1 /home/wmx/www/project/test/yii-1.1.16.bca042/framework/web/CController.php(308): CInlineAction->runWithParams()
#2 /home/wmx/www/project/test/yii-1.1.16.bca042/framework/web/CController.php(286): SiteController->runAction()
#3 /home/wmx/www/project/test/yii-1.1.16.bca042/framework/web/CController.php(265): SiteController->runActionWithFilters()
#4 /home/wmx/www/project/test/yii-1.1.16.bca042/framework/web/CWebApplication.php(282): SiteController->run()
#5 /home/wmx/www/project/test/yii-1.1.16.bca042/framework/web/CWebApplication.php(141): CWebApplication->runController()
#6 /home/wmx/www/project/test/yii-1.1.16.bca042/framework/base/CApplication.php(184): CWebApplication->processRequest()
#7 /home/wmx/www/project/test/webapp/index.php(13): CWebApplication->run()
REQUEST_URI=/index.php?r=site/Mypdf
in /home/wmx/www/project/test/webapp/protected/extensions/MPDF/mPDF.php (7505)
in /home/wmx/www/project/test/webapp/protected/controllers/SiteController.php (105)
in /home/wmx/www/project/test/webapp/index.php (13)
2016/01/11 14:45:04 [error] [php] unlink(/home/wmx/www/project/test/webapp/protected/extensions/MPDF/tmp/dummy.txt): Permission denied (/home/wmx/www/project/test/webapp/protected/extensions/MPDF/mPDF.php:7505)
Stack trace:
#0 /home/wmx/www/project/test/yii-1.1.16.bca042/framework/web/actions/CInlineAction.php(49): SiteController->actionMyPdf()
#1 /home/wmx/www/project/test/yii-1.1.16.bca042/framework/web/CController.php(308): CInlineAction->runWithParams()
#2 /home/wmx/www/project/test/yii-1.1.16.bca042/framework/web/CController.php(286): SiteController->runAction()
#3 /home/wmx/www/project/test/yii-1.1.16.bca042/framework/web/CController.php(265): SiteController->runActionWithFilters()
#4 /home/wmx/www/project/test/yii-1.1.16.bca042/framework/web/CWebApplication.php(282): SiteController->run()
#5 /home/wmx/www/project/test/yii-1.1.16.bca042/framework/web/CWebApplication.php(141): CWebApplication->runController()
#6 /home/wmx/www/project/test/yii-1.1.16.bca042/framework/base/CApplication.php(184): CWebApplication->processRequest()
#7 /home/wmx/www/project/test/webapp/index.php(13): CWebApplication->run()
REQUEST_URI=/index.php?r=site/Mypdf
in /home/wmx/www/project/test/webapp/protected/extensions/MPDF/mPDF.php (7505)
in /home/wmx/www/project/test/webapp/protected/controllers/SiteController.php (105)
in /home/wmx/www/project/test/webapp/index.php (13)
2016/01/11 14:45:06 [error] [php] unlink(/home/wmx/www/project/test/webapp/protected/extensions/MPDF/tmp/dummy.txt): Permission denied (/home/wmx/www/project/test/webapp/protected/extensions/MPDF/mPDF.php:7505)
Stack trace:
#0 /home/wmx/www/project/test/yii-1.1.16.bca042/framework/web/actions/CInlineAction.php(49): SiteController->actionMyPdf()
#1 /home/wmx/www/project/test/yii-1.1.16.bca042/framework/web/CController.php(308): CInlineAction->runWithParams()
#2 /home/wmx/www/project/test/yii-1.1.16.bca042/framework/web/CController.php(286): SiteController->runAction()
#3 /home/wmx/www/project/test/yii-1.1.16.bca042/framework/web/CController.php(265): SiteController->runActionWithFilters()
#4 /home/wmx/www/project/test/yii-1.1.16.bca042/framework/web/CWebApplication.php(282): SiteController->run()
#5 /home/wmx/www/project/test/yii-1.1.16.bca042/framework/web/CWebApplication.php(141): CWebApplication->runController()
#6 /home/wmx/www/project/test/yii-1.1.16.bca042/framework/base/CApplication.php(184): CWebApplication->processRequest()
#7 /home/wmx/www/project/test/webapp/index.php(13): CWebApplication->run()
REQUEST_URI=/index.php?r=site/Mypdf
in /home/wmx/www/project/test/webapp/protected/extensions/MPDF/mPDF.php (7505)
in /home/wmx/www/project/test/webapp/protected/controllers/SiteController.php (105)
in /home/wmx/www/project/test/webapp/index.php (13)
2016/01/11 14:45:35 [error] [php] unlink(/home/wmx/www/project/test/webapp/protected/extensions/MPDF/tmp/dummy.txt): Permission denied (/home/wmx/www/project/test/webapp/protected/extensions/MPDF/mPDF.php:7505)
Stack trace:
#0 /home/wmx/www/project/test/yii-1.1.16.bca042/framework/web/actions/CInlineAction.php(49): SiteController->actionMyPdf()
#1 /home/wmx/www/project/test/yii-1.1.16.bca042/framework/web/CController.php(308): CInlineAction->runWithParams()
#2 /home/wmx/www/project/test/yii-1.1.16.bca042/framework/web/CController.php(286): SiteController->runAction()
#3 /home/wmx/www/project/test/yii-1.1.16.bca042/framework/web/CController.php(265): SiteController->runActionWithFilters()
#4 /home/wmx/www/project/test/yii-1.1.16.bca042/framework/web/CWebApplication.php(282): SiteController->run()
#5 /home/wmx/www/project/test/yii-1.1.16.bca042/framework/web/CWebApplication.php(141): CWebApplication->runController()
#6 /home/wmx/www/project/test/yii-1.1.16.bca042/framework/base/CApplication.php(184): CWebApplication->processRequest()
#7 /home/wmx/www/project/test/webapp/index.php(13): CWebApplication->run()
REQUEST_URI=/index.php?r=site/Mypdf
in /home/wmx/www/project/test/webapp/protected/extensions/MPDF/mPDF.php (7505)
in /home/wmx/www/project/test/webapp/protected/controllers/SiteController.php (105)
in /home/wmx/www/project/test/webapp/index.php (13)
2016/01/11 14:45:36 [error] [php] unlink(/home/wmx/www/project/test/webapp/protected/extensions/MPDF/tmp/dummy.txt): Permission denied (/home/wmx/www/project/test/webapp/protected/extensions/MPDF/mPDF.php:7505)
Stack trace:
#0 /home/wmx/www/project/test/yii-1.1.16.bca042/framework/web/actions/CInlineAction.php(49): SiteController->actionMyPdf()
#1 /home/wmx/www/project/test/yii-1.1.16.bca042/framework/web/CController.php(308): CInlineAction->runWithParams()
#2 /home/wmx/www/project/test/yii-1.1.16.bca042/framework/web/CController.php(286): SiteController->runAction()
#3 /home/wmx/www/project/test/yii-1.1.16.bca042/framework/web/CController.php(265): SiteController->runActionWithFilters()
#4 /home/wmx/www/project/test/yii-1.1.16.bca042/framework/web/CWebApplication.php(282): SiteController->run()
#5 /home/wmx/www/project/test/yii-1.1.16.bca042/framework/web/CWebApplication.php(141): CWebApplication->runController()
#6 /home/wmx/www/project/test/yii-1.1.16.bca042/framework/base/CApplication.php(184): CWebApplication->processRequest()
#7 /home/wmx/www/project/test/webapp/index.php(13): CWebApplication->run()
REQUEST_URI=/index.php?r=site/Mypdf
in /home/wmx/www/project/test/webapp/protected/extensions/MPDF/mPDF.php (7505)
in /home/wmx/www/project/test/webapp/protected/controllers/SiteController.php (105)
in /home/wmx/www/project/test/webapp/index.php (13)
2016/01/11 14:48:08 [error] [php] unlink(/home/wmx/www/project/test/webapp/protected/extensions/MPDF/tmp/dummy.txt): Permission denied (/home/wmx/www/project/test/webapp/protected/extensions/MPDF/mPDF.php:7505)
Stack trace:
#0 /home/wmx/www/project/test/yii-1.1.16.bca042/framework/web/actions/CInlineAction.php(49): SiteController->actionMyPdf()
#1 /home/wmx/www/project/test/yii-1.1.16.bca042/framework/web/CController.php(308): CInlineAction->runWithParams()
#2 /home/wmx/www/project/test/yii-1.1.16.bca042/framework/web/CController.php(286): SiteController->runAction()
#3 /home/wmx/www/project/test/yii-1.1.16.bca042/framework/web/CController.php(265): SiteController->runActionWithFilters()
#4 /home/wmx/www/project/test/yii-1.1.16.bca042/framework/web/CWebApplication.php(282): SiteController->run()
#5 /home/wmx/www/project/test/yii-1.1.16.bca042/framework/web/CWebApplication.php(141): CWebApplication->runController()
#6 /home/wmx/www/project/test/yii-1.1.16.bca042/framework/base/CApplication.php(184): CWebApplication->processRequest()
#7 /home/wmx/www/project/test/webapp/index.php(13): CWebApplication->run()
REQUEST_URI=/index.php?r=site/Mypdf
in /home/wmx/www/project/test/webapp/protected/extensions/MPDF/mPDF.php (7505)
in /home/wmx/www/project/test/webapp/protected/controllers/SiteController.php (105)
in /home/wmx/www/project/test/webapp/index.php (13)
2016/01/11 14:48:24 [error] [php] unlink(/home/wmx/www/project/test/webapp/protected/extensions/MPDF/tmp/dummy.txt): Permission denied (/home/wmx/www/project/test/webapp/protected/extensions/MPDF/mPDF.php:7505)
Stack trace:
#0 /home/wmx/www/project/test/yii-1.1.16.bca042/framework/web/actions/CInlineAction.php(49): SiteController->actionMyPdf()
#1 /home/wmx/www/project/test/yii-1.1.16.bca042/framework/web/CController.php(308): CInlineAction->runWithParams()
#2 /home/wmx/www/project/test/yii-1.1.16.bca042/framework/web/CController.php(286): SiteController->runAction()
#3 /home/wmx/www/project/test/yii-1.1.16.bca042/framework/web/CController.php(265): SiteController->runActionWithFilters()
#4 /home/wmx/www/project/test/yii-1.1.16.bca042/framework/web/CWebApplication.php(282): SiteController->run()
#5 /home/wmx/www/project/test/yii-1.1.16.bca042/framework/web/CWebApplication.php(141): CWebApplication->runController()
#6 /home/wmx/www/project/test/yii-1.1.16.bca042/framework/base/CApplication.php(184): CWebApplication->processRequest()
#7 /home/wmx/www/project/test/webapp/index.php(13): CWebApplication->run()
REQUEST_URI=/index.php?r=site/Mypdf
in /home/wmx/www/project/test/webapp/protected/extensions/MPDF/mPDF.php (7505)
in /home/wmx/www/project/test/webapp/protected/controllers/SiteController.php (105)
in /home/wmx/www/project/test/webapp/index.php (13)
2016/01/11 14:49:30 [error] [php] unlink(/home/wmx/www/project/test/webapp/protected/extensions/MPDF/tmp/dummy.txt): Permission denied (/home/wmx/www/project/test/webapp/protected/extensions/MPDF/mPDF.php:7505)
Stack trace:
#0 /home/wmx/www/project/test/yii-1.1.16.bca042/framework/web/actions/CInlineAction.php(49): SiteController->actionMyPdf()
#1 /home/wmx/www/project/test/yii-1.1.16.bca042/framework/web/CController.php(308): CInlineAction->runWithParams()
#2 /home/wmx/www/project/test/yii-1.1.16.bca042/framework/web/CController.php(286): SiteController->runAction()
#3 /home/wmx/www/project/test/yii-1.1.16.bca042/framework/web/CController.php(265): SiteController->runActionWithFilters()
#4 /home/wmx/www/project/test/yii-1.1.16.bca042/framework/web/CWebApplication.php(282): SiteController->run()
#5 /home/wmx/www/project/test/yii-1.1.16.bca042/framework/web/CWebApplication.php(141): CWebApplication->runController()
#6 /home/wmx/www/project/test/yii-1.1.16.bca042/framework/base/CApplication.php(184): CWebApplication->processRequest()
#7 /home/wmx/www/project/test/webapp/index.php(13): CWebApplication->run()
REQUEST_URI=/index.php?r=site/Mypdf
in /home/wmx/www/project/test/webapp/protected/extensions/MPDF/mPDF.php (7505)
in /home/wmx/www/project/test/webapp/protected/controllers/SiteController.php (105)
in /home/wmx/www/project/test/webapp/index.php (13)
2016/01/11 14:50:06 [error] [php] unlink(/home/wmx/www/project/test/webapp/protected/extensions/MPDF/tmp/dummy.txt): Permission denied (/home/wmx/www/project/test/webapp/protected/extensions/MPDF/mPDF.php:7505)
Stack trace:
#0 /home/wmx/www/project/test/yii-1.1.16.bca042/framework/web/actions/CInlineAction.php(49): SiteController->actionMyPdf()
#1 /home/wmx/www/project/test/yii-1.1.16.bca042/framework/web/CController.php(308): CInlineAction->runWithParams()
#2 /home/wmx/www/project/test/yii-1.1.16.bca042/framework/web/CController.php(286): SiteController->runAction()
#3 /home/wmx/www/project/test/yii-1.1.16.bca042/framework/web/CController.php(265): SiteController->runActionWithFilters()
#4 /home/wmx/www/project/test/yii-1.1.16.bca042/framework/web/CWebApplication.php(282): SiteController->run()
#5 /home/wmx/www/project/test/yii-1.1.16.bca042/framework/web/CWebApplication.php(141): CWebApplication->runController()
#6 /home/wmx/www/project/test/yii-1.1.16.bca042/framework/base/CApplication.php(184): CWebApplication->processRequest()
#7 /home/wmx/www/project/test/webapp/index.php(13): CWebApplication->run()
REQUEST_URI=/index.php?r=site/Mypdf
in /home/wmx/www/project/test/webapp/protected/extensions/MPDF/mPDF.php (7505)
in /home/wmx/www/project/test/webapp/protected/controllers/SiteController.php (105)
in /home/wmx/www/project/test/webapp/index.php (13)
2016/01/11 14:50:22 [error] [php] unlink(/home/wmx/www/project/test/webapp/protected/extensions/MPDF/tmp/dummy.txt): Permission denied (/home/wmx/www/project/test/webapp/protected/extensions/MPDF/mPDF.php:7505)
Stack trace:
#0 /home/wmx/www/project/test/yii-1.1.16.bca042/framework/web/actions/CInlineAction.php(49): SiteController->actionMyPdf()
#1 /home/wmx/www/project/test/yii-1.1.16.bca042/framework/web/CController.php(308): CInlineAction->runWithParams()
#2 /home/wmx/www/project/test/yii-1.1.16.bca042/framework/web/CController.php(286): SiteController->runAction()
#3 /home/wmx/www/project/test/yii-1.1.16.bca042/framework/web/CController.php(265): SiteController->runActionWithFilters()
#4 /home/wmx/www/project/test/yii-1.1.16.bca042/framework/web/CWebApplication.php(282): SiteController->run()
#5 /home/wmx/www/project/test/yii-1.1.16.bca042/framework/web/CWebApplication.php(141): CWebApplication->runController()
#6 /home/wmx/www/project/test/yii-1.1.16.bca042/framework/base/CApplication.php(184): CWebApplication->processRequest()
#7 /home/wmx/www/project/test/webapp/index.php(13): CWebApplication->run()
REQUEST_URI=/index.php?r=site/Mypdf
in /home/wmx/www/project/test/webapp/protected/extensions/MPDF/mPDF.php (7505)
in /home/wmx/www/project/test/webapp/protected/controllers/SiteController.php (105)
in /home/wmx/www/project/test/webapp/index.php (13)
2016/01/11 14:52:05 [error] [php] unlink(/home/wmx/www/project/test/webapp/protected/extensions/MPDF/tmp/dummy.txt): Permission denied (/home/wmx/www/project/test/webapp/protected/extensions/MPDF/mPDF.php:7505)
Stack trace:
#0 /home/wmx/www/project/test/yii-1.1.16.bca042/framework/web/actions/CInlineAction.php(49): SiteController->actionMyPdf()
#1 /home/wmx/www/project/test/yii-1.1.16.bca042/framework/web/CController.php(308): CInlineAction->runWithParams()
#2 /home/wmx/www/project/test/yii-1.1.16.bca042/framework/web/CController.php(286): SiteController->runAction()
#3 /home/wmx/www/project/test/yii-1.1.16.bca042/framework/web/CController.php(265): SiteController->runActionWithFilters()
#4 /home/wmx/www/project/test/yii-1.1.16.bca042/framework/web/CWebApplication.php(282): SiteController->run()
#5 /home/wmx/www/project/test/yii-1.1.16.bca042/framework/web/CWebApplication.php(141): CWebApplication->runController()
#6 /home/wmx/www/project/test/yii-1.1.16.bca042/framework/base/CApplication.php(184): CWebApplication->processRequest()
#7 /home/wmx/www/project/test/webapp/index.php(13): CWebApplication->run()
REQUEST_URI=/index.php?r=site/Mypdf
in /home/wmx/www/project/test/webapp/protected/extensions/MPDF/mPDF.php (7505)
in /home/wmx/www/project/test/webapp/protected/controllers/SiteController.php (105)
in /home/wmx/www/project/test/webapp/index.php (13)
2016/01/11 14:52:06 [error] [php] unlink(/home/wmx/www/project/test/webapp/protected/extensions/MPDF/tmp/dummy.txt): Permission denied (/home/wmx/www/project/test/webapp/protected/extensions/MPDF/mPDF.php:7505)
Stack trace:
#0 /home/wmx/www/project/test/yii-1.1.16.bca042/framework/web/actions/CInlineAction.php(49): SiteController->actionMyPdf()
#1 /home/wmx/www/project/test/yii-1.1.16.bca042/framework/web/CController.php(308): CInlineAction->runWithParams()
#2 /home/wmx/www/project/test/yii-1.1.16.bca042/framework/web/CController.php(286): SiteController->runAction()
#3 /home/wmx/www/project/test/yii-1.1.16.bca042/framework/web/CController.php(265): SiteController->runActionWithFilters()
#4 /home/wmx/www/project/test/yii-1.1.16.bca042/framework/web/CWebApplication.php(282): SiteController->run()
#5 /home/wmx/www/project/test/yii-1.1.16.bca042/framework/web/CWebApplication.php(141): CWebApplication->runController()
#6 /home/wmx/www/project/test/yii-1.1.16.bca042/framework/base/CApplication.php(184): CWebApplication->processRequest()
#7 /home/wmx/www/project/test/webapp/index.php(13): CWebApplication->run()
REQUEST_URI=/index.php?r=site/Mypdf
in /home/wmx/www/project/test/webapp/protected/extensions/MPDF/mPDF.php (7505)
in /home/wmx/www/project/test/webapp/protected/controllers/SiteController.php (105)
in /home/wmx/www/project/test/webapp/index.php (13)
2016/01/11 14:58:15 [error] [php] unlink(/home/wmx/www/project/test/webapp/protected/extensions/MPDF/tmp/dummy.txt): Permission denied (/home/wmx/www/project/test/webapp/protected/extensions/MPDF/mPDF.php:7505)
Stack trace:
#0 /home/wmx/www/project/test/yii-1.1.16.bca042/framework/web/actions/CInlineAction.php(49): SiteController->actionMyPdf()
#1 /home/wmx/www/project/test/yii-1.1.16.bca042/framework/web/CController.php(308): CInlineAction->runWithParams()
#2 /home/wmx/www/project/test/yii-1.1.16.bca042/framework/web/CController.php(286): SiteController->runAction()
#3 /home/wmx/www/project/test/yii-1.1.16.bca042/framework/web/CController.php(265): SiteController->runActionWithFilters()
#4 /home/wmx/www/project/test/yii-1.1.16.bca042/framework/web/CWebApplication.php(282): SiteController->run()
#5 /home/wmx/www/project/test/yii-1.1.16.bca042/framework/web/CWebApplication.php(141): CWebApplication->runController()
#6 /home/wmx/www/project/test/yii-1.1.16.bca042/framework/base/CApplication.php(184): CWebApplication->processRequest()
#7 /home/wmx/www/project/test/webapp/index.php(13): CWebApplication->run()
REQUEST_URI=/index.php?r=site/Mypdf
in /home/wmx/www/project/test/webapp/protected/extensions/MPDF/mPDF.php (7505)
in /home/wmx/www/project/test/webapp/protected/controllers/SiteController.php (105)
in /home/wmx/www/project/test/webapp/index.php (13)
2016/01/11 14:58:17 [error] [php] unlink(/home/wmx/www/project/test/webapp/protected/extensions/MPDF/tmp/dummy.txt): Permission denied (/home/wmx/www/project/test/webapp/protected/extensions/MPDF/mPDF.php:7505)
Stack trace:
#0 /home/wmx/www/project/test/yii-1.1.16.bca042/framework/web/actions/CInlineAction.php(49): SiteController->actionMyPdf()
#1 /home/wmx/www/project/test/yii-1.1.16.bca042/framework/web/CController.php(308): CInlineAction->runWithParams()
#2 /home/wmx/www/project/test/yii-1.1.16.bca042/framework/web/CController.php(286): SiteController->runAction()
#3 /home/wmx/www/project/test/yii-1.1.16.bca042/framework/web/CController.php(265): SiteController->runActionWithFilters()
#4 /home/wmx/www/project/test/yii-1.1.16.bca042/framework/web/CWebApplication.php(282): SiteController->run()
#5 /home/wmx/www/project/test/yii-1.1.16.bca042/framework/web/CWebApplication.php(141): CWebApplication->runController()
#6 /home/wmx/www/project/test/yii-1.1.16.bca042/framework/base/CApplication.php(184): CWebApplication->processRequest()
#7 /home/wmx/www/project/test/webapp/index.php(13): CWebApplication->run()
REQUEST_URI=/index.php?r=site/Mypdf
in /home/wmx/www/project/test/webapp/protected/extensions/MPDF/mPDF.php (7505)
in /home/wmx/www/project/test/webapp/protected/controllers/SiteController.php (105)
in /home/wmx/www/project/test/webapp/index.php (13)
2016/01/11 14:58:21 [error] [php] unlink(/home/wmx/www/project/test/webapp/protected/extensions/MPDF/tmp/dummy.txt): Permission denied (/home/wmx/www/project/test/webapp/protected/extensions/MPDF/mPDF.php:7505)
Stack trace:
#0 /home/wmx/www/project/test/yii-1.1.16.bca042/framework/web/actions/CInlineAction.php(49): SiteController->actionMyPdf()
#1 /home/wmx/www/project/test/yii-1.1.16.bca042/framework/web/CController.php(308): CInlineAction->runWithParams()
#2 /home/wmx/www/project/test/yii-1.1.16.bca042/framework/web/CController.php(286): SiteController->runAction()
#3 /home/wmx/www/project/test/yii-1.1.16.bca042/framework/web/CController.php(265): SiteController->runActionWithFilters()
#4 /home/wmx/www/project/test/yii-1.1.16.bca042/framework/web/CWebApplication.php(282): SiteController->run()
#5 /home/wmx/www/project/test/yii-1.1.16.bca042/framework/web/CWebApplication.php(141): CWebApplication->runController()
#6 /home/wmx/www/project/test/yii-1.1.16.bca042/framework/base/CApplication.php(184): CWebApplication->processRequest()
#7 /home/wmx/www/project/test/webapp/index.php(13): CWebApplication->run()
REQUEST_URI=/index.php?r=site/Mypdf
in /home/wmx/www/project/test/webapp/protected/extensions/MPDF/mPDF.php (7505)
in /home/wmx/www/project/test/webapp/protected/controllers/SiteController.php (105)
in /home/wmx/www/project/test/webapp/index.php (13)
2016/01/11 14:58:22 [error] [php] unlink(/home/wmx/www/project/test/webapp/protected/extensions/MPDF/tmp/dummy.txt): Permission denied (/home/wmx/www/project/test/webapp/protected/extensions/MPDF/mPDF.php:7505)
Stack trace:
#0 /home/wmx/www/project/test/yii-1.1.16.bca042/framework/web/actions/CInlineAction.php(49): SiteController->actionMyPdf()
#1 /home/wmx/www/project/test/yii-1.1.16.bca042/framework/web/CController.php(308): CInlineAction->runWithParams()
#2 /home/wmx/www/project/test/yii-1.1.16.bca042/framework/web/CController.php(286): SiteController->runAction()
#3 /home/wmx/www/project/test/yii-1.1.16.bca042/framework/web/CController.php(265): SiteController->runActionWithFilters()
#4 /home/wmx/www/project/test/yii-1.1.16.bca042/framework/web/CWebApplication.php(282): SiteController->run()
#5 /home/wmx/www/project/test/yii-1.1.16.bca042/framework/web/CWebApplication.php(141): CWebApplication->runController()
#6 /home/wmx/www/project/test/yii-1.1.16.bca042/framework/base/CApplication.php(184): CWebApplication->processRequest()
#7 /home/wmx/www/project/test/webapp/index.php(13): CWebApplication->run()
REQUEST_URI=/index.php?r=site/Mypdf
in /home/wmx/www/project/test/webapp/protected/extensions/MPDF/mPDF.php (7505)
in /home/wmx/www/project/test/webapp/protected/controllers/SiteController.php (105)
in /home/wmx/www/project/test/webapp/index.php (13)
2016/01/11 14:58:41 [error] [php] unlink(/home/wmx/www/project/test/webapp/protected/extensions/MPDF/tmp/dummy.txt): Permission denied (/home/wmx/www/project/test/webapp/protected/extensions/MPDF/mPDF.php:7505)
Stack trace:
#0 /home/wmx/www/project/test/yii-1.1.16.bca042/framework/web/actions/CInlineAction.php(49): SiteController->actionMyPdf()
#1 /home/wmx/www/project/test/yii-1.1.16.bca042/framework/web/CController.php(308): CInlineAction->runWithParams()
#2 /home/wmx/www/project/test/yii-1.1.16.bca042/framework/web/CController.php(286): SiteController->runAction()
#3 /home/wmx/www/project/test/yii-1.1.16.bca042/framework/web/CController.php(265): SiteController->runActionWithFilters()
#4 /home/wmx/www/project/test/yii-1.1.16.bca042/framework/web/CWebApplication.php(282): SiteController->run()
#5 /home/wmx/www/project/test/yii-1.1.16.bca042/framework/web/CWebApplication.php(141): CWebApplication->runController()
#6 /home/wmx/www/project/test/yii-1.1.16.bca042/framework/base/CApplication.php(184): CWebApplication->processRequest()
#7 /home/wmx/www/project/test/webapp/index.php(13): CWebApplication->run()
REQUEST_URI=/index.php?r=site/Mypdf
in /home/wmx/www/project/test/webapp/protected/extensions/MPDF/mPDF.php (7505)
in /home/wmx/www/project/test/webapp/protected/controllers/SiteController.php (105)
in /home/wmx/www/project/test/webapp/index.php (13)
2016/01/11 14:59:20 [error] [php] unlink(/home/wmx/www/project/test/webapp/protected/extensions/MPDF/tmp/dummy.txt): Permission denied (/home/wmx/www/project/test/webapp/protected/extensions/MPDF/mPDF.php:7505)
Stack trace:
#0 /home/wmx/www/project/test/yii-1.1.16.bca042/framework/web/actions/CInlineAction.php(49): SiteController->actionMyPdf()
#1 /home/wmx/www/project/test/yii-1.1.16.bca042/framework/web/CController.php(308): CInlineAction->runWithParams()
#2 /home/wmx/www/project/test/yii-1.1.16.bca042/framework/web/CController.php(286): SiteController->runAction()
#3 /home/wmx/www/project/test/yii-1.1.16.bca042/framework/web/CController.php(265): SiteController->runActionWithFilters()
#4 /home/wmx/www/project/test/yii-1.1.16.bca042/framework/web/CWebApplication.php(282): SiteController->run()
#5 /home/wmx/www/project/test/yii-1.1.16.bca042/framework/web/CWebApplication.php(141): CWebApplication->runController()
#6 /home/wmx/www/project/test/yii-1.1.16.bca042/framework/base/CApplication.php(184): CWebApplication->processRequest()
#7 /home/wmx/www/project/test/webapp/index.php(13): CWebApplication->run()
REQUEST_URI=/index.php?r=site/Mypdf
in /home/wmx/www/project/test/webapp/protected/extensions/MPDF/mPDF.php (7505)
in /home/wmx/www/project/test/webapp/protected/controllers/SiteController.php (106)
in /home/wmx/www/project/test/webapp/index.php (13)
2016/01/11 14:59:30 [error] [php] unlink(/home/wmx/www/project/test/webapp/protected/extensions/MPDF/tmp/dummy.txt): Permission denied (/home/wmx/www/project/test/webapp/protected/extensions/MPDF/mPDF.php:7505)
Stack trace:
#0 /home/wmx/www/project/test/yii-1.1.16.bca042/framework/web/actions/CInlineAction.php(49): SiteController->actionMyPdf()
#1 /home/wmx/www/project/test/yii-1.1.16.bca042/framework/web/CController.php(308): CInlineAction->runWithParams()
#2 /home/wmx/www/project/test/yii-1.1.16.bca042/framework/web/CController.php(286): SiteController->runAction()
#3 /home/wmx/www/project/test/yii-1.1.16.bca042/framework/web/CController.php(265): SiteController->runActionWithFilters()
#4 /home/wmx/www/project/test/yii-1.1.16.bca042/framework/web/CWebApplication.php(282): SiteController->run()
#5 /home/wmx/www/project/test/yii-1.1.16.bca042/framework/web/CWebApplication.php(141): CWebApplication->runController()
#6 /home/wmx/www/project/test/yii-1.1.16.bca042/framework/base/CApplication.php(184): CWebApplication->processRequest()
#7 /home/wmx/www/project/test/webapp/index.php(13): CWebApplication->run()
REQUEST_URI=/index.php?r=site/Mypdf
in /home/wmx/www/project/test/webapp/protected/extensions/MPDF/mPDF.php (7505)
in /home/wmx/www/project/test/webapp/protected/controllers/SiteController.php (106)
in /home/wmx/www/project/test/webapp/index.php (13)
2016/01/11 14:59:43 [error] [php] unlink(/home/wmx/www/project/test/webapp/protected/extensions/MPDF/tmp/dummy.txt): Permission denied (/home/wmx/www/project/test/webapp/protected/extensions/MPDF/mPDF.php:7505)
Stack trace:
#0 /home/wmx/www/project/test/yii-1.1.16.bca042/framework/web/actions/CInlineAction.php(49): SiteController->actionMyPdf()
#1 /home/wmx/www/project/test/yii-1.1.16.bca042/framework/web/CController.php(308): CInlineAction->runWithParams()
#2 /home/wmx/www/project/test/yii-1.1.16.bca042/framework/web/CController.php(286): SiteController->runAction()
#3 /home/wmx/www/project/test/yii-1.1.16.bca042/framework/web/CController.php(265): SiteController->runActionWithFilters()
#4 /home/wmx/www/project/test/yii-1.1.16.bca042/framework/web/CWebApplication.php(282): SiteController->run()
#5 /home/wmx/www/project/test/yii-1.1.16.bca042/framework/web/CWebApplication.php(141): CWebApplication->runController()
#6 /home/wmx/www/project/test/yii-1.1.16.bca042/framework/base/CApplication.php(184): CWebApplication->processRequest()
#7 /home/wmx/www/project/test/webapp/index.php(13): CWebApplication->run()
REQUEST_URI=/index.php?r=site/Mypdf
in /home/wmx/www/project/test/webapp/protected/extensions/MPDF/mPDF.php (7505)
in /home/wmx/www/project/test/webapp/protected/controllers/SiteController.php (106)
in /home/wmx/www/project/test/webapp/index.php (13)
2016/01/11 15:09:34 [error] [php] unlink(/home/wmx/www/project/test/webapp/protected/extensions/MPDF/tmp/dummy.txt): Permission denied (/home/wmx/www/project/test/webapp/protected/extensions/MPDF/mPDF.php:7505)
Stack trace:
#0 /home/wmx/www/project/test/yii-1.1.16.bca042/framework/web/actions/CInlineAction.php(49): SiteController->actionMyPdf()
#1 /home/wmx/www/project/test/yii-1.1.16.bca042/framework/web/CController.php(308): CInlineAction->runWithParams()
#2 /home/wmx/www/project/test/yii-1.1.16.bca042/framework/web/CController.php(286): SiteController->runAction()
#3 /home/wmx/www/project/test/yii-1.1.16.bca042/framework/web/CController.php(265): SiteController->runActionWithFilters()
#4 /home/wmx/www/project/test/yii-1.1.16.bca042/framework/web/CWebApplication.php(282): SiteController->run()
#5 /home/wmx/www/project/test/yii-1.1.16.bca042/framework/web/CWebApplication.php(141): CWebApplication->runController()
#6 /home/wmx/www/project/test/yii-1.1.16.bca042/framework/base/CApplication.php(184): CWebApplication->processRequest()
#7 /home/wmx/www/project/test/webapp/index.php(13): CWebApplication->run()
REQUEST_URI=/index.php?r=site/Mypdf
in /home/wmx/www/project/test/webapp/protected/extensions/MPDF/mPDF.php (7505)
in /home/wmx/www/project/test/webapp/protected/controllers/SiteController.php (105)
in /home/wmx/www/project/test/webapp/index.php (13)
2016/01/11 23:43:43 [error] [exception.CHttpException.404] exception 'CHttpException' with message ' "sitet/MyForm"' in /home/wmx/www/project/test/yii-1.1.16.bca042/framework/web/CWebApplication.php:286
Stack trace:
#0 /home/wmx/www/project/test/yii-1.1.16.bca042/framework/web/CWebApplication.php(141): CWebApplication->runController('sitet/MyForm')
#1 /home/wmx/www/project/test/yii-1.1.16.bca042/framework/base/CApplication.php(184): CWebApplication->processRequest()
#2 /home/wmx/www/project/test/webapp/index.php(13): CApplication->run()
#3 {main}
REQUEST_URI=/index.php?r=sitet/MyForm
---
2016/01/11 23:43:54 [error] [php] include(FromTest.php): failed to open stream: No such file or directory (/home/wmx/www/project/test/yii-1.1.16.bca042/framework/YiiBase.php:432)
Stack trace:
#0 /home/wmx/www/project/test/webapp/protected/controllers/SiteController.php(110): spl_autoload_call()
#1 /home/wmx/www/project/test/yii-1.1.16.bca042/framework/web/actions/CInlineAction.php(49): SiteController->actionMyForm()
#2 /home/wmx/www/project/test/yii-1.1.16.bca042/framework/web/CController.php(308): CInlineAction->runWithParams()
#3 /home/wmx/www/project/test/yii-1.1.16.bca042/framework/web/CController.php(286): SiteController->runAction()
#4 /home/wmx/www/project/test/yii-1.1.16.bca042/framework/web/CController.php(265): SiteController->runActionWithFilters()
#5 /home/wmx/www/project/test/yii-1.1.16.bca042/framework/web/CWebApplication.php(282): SiteController->run()
#6 /home/wmx/www/project/test/yii-1.1.16.bca042/framework/web/CWebApplication.php(141): CWebApplication->runController()
#7 /home/wmx/www/project/test/yii-1.1.16.bca042/framework/base/CApplication.php(184): CWebApplication->processRequest()
#8 /home/wmx/www/project/test/webapp/index.php(13): CWebApplication->run()
REQUEST_URI=/index.php?r=site/MyForm
in /home/wmx/www/project/test/webapp/protected/controllers/SiteController.php (110)
in /home/wmx/www/project/test/webapp/index.php (13)
2016/01/11 23:50:50 [error] [exception.CException] exception 'CException' with message 'CActiveForm and its behaviors do not have a method or closure named "submitButton".' in /home/wmx/www/project/test/yii-1.1.16.bca042/framework/base/CComponent.php:266
Stack trace:
#0 /home/wmx/www/project/test/webapp/protected/views/site/test.php(35): CComponent->__call('submitButton', Array)
#1 /home/wmx/www/project/test/webapp/protected/views/site/test.php(35): CActiveForm->submitButton()
#2 /home/wmx/www/project/test/yii-1.1.16.bca042/framework/web/CBaseController.php(126): require('/home/wmx/www/p...')
#3 /home/wmx/www/project/test/yii-1.1.16.bca042/framework/web/CBaseController.php(95): CBaseController->renderInternal('/home/wmx/www/p...', Array, true)
#4 /home/wmx/www/project/test/yii-1.1.16.bca042/framework/web/CController.php(869): CBaseController->renderFile('/home/wmx/www/p...', Array, true)
#5 /home/wmx/www/project/test/yii-1.1.16.bca042/framework/web/CController.php(782): CController->renderPartial('test', Array, true)
#6 /home/wmx/www/project/test/webapp/protected/controllers/SiteController.php(113): CController->render('test', Array)
#7 /home/wmx/www/project/test/yii-1.1.16.bca042/framework/web/actions/CInlineAction.php(49): SiteController->actionMyForm()
#8 /home/wmx/www/project/test/yii-1.1.16.bca042/framework/web/CController.php(308): CInlineAction->runWithParams(Array)
#9 /home/wmx/www/project/test/yii-1.1.16.bca042/framework/web/CController.php(286): CController->runAction(Object(CInlineAction))
#10 /home/wmx/www/project/test/yii-1.1.16.bca042/framework/web/CController.php(265): CController->runActionWithFilters(Object(CInlineAction), Array)
#11 /home/wmx/www/project/test/yii-1.1.16.bca042/framework/web/CWebApplication.php(282): CController->run('MyForm')
#12 /home/wmx/www/project/test/yii-1.1.16.bca042/framework/web/CWebApplication.php(141): CWebApplication->runController('site/MyForm')
#13 /home/wmx/www/project/test/yii-1.1.16.bca042/framework/base/CApplication.php(184): CWebApplication->processRequest()
#14 /home/wmx/www/project/test/webapp/index.php(13): CApplication->run()
#15 {main}
REQUEST_URI=/index.php?r=site/MyForm
---
2016/01/11 23:51:08 [error] [exception.CException] exception 'CException' with message 'CActiveForm and its behaviors do not have a method or closure named "subButton".' in /home/wmx/www/project/test/yii-1.1.16.bca042/framework/base/CComponent.php:266
Stack trace:
#0 /home/wmx/www/project/test/webapp/protected/views/site/test.php(35): CComponent->__call('subButton', Array)
#1 /home/wmx/www/project/test/webapp/protected/views/site/test.php(35): CActiveForm->subButton()
#2 /home/wmx/www/project/test/yii-1.1.16.bca042/framework/web/CBaseController.php(126): require('/home/wmx/www/p...')
#3 /home/wmx/www/project/test/yii-1.1.16.bca042/framework/web/CBaseController.php(95): CBaseController->renderInternal('/home/wmx/www/p...', Array, true)
#4 /home/wmx/www/project/test/yii-1.1.16.bca042/framework/web/CController.php(869): CBaseController->renderFile('/home/wmx/www/p...', Array, true)
#5 /home/wmx/www/project/test/yii-1.1.16.bca042/framework/web/CController.php(782): CController->renderPartial('test', Array, true)
#6 /home/wmx/www/project/test/webapp/protected/controllers/SiteController.php(113): CController->render('test', Array)
#7 /home/wmx/www/project/test/yii-1.1.16.bca042/framework/web/actions/CInlineAction.php(49): SiteController->actionMyForm()
#8 /home/wmx/www/project/test/yii-1.1.16.bca042/framework/web/CController.php(308): CInlineAction->runWithParams(Array)
#9 /home/wmx/www/project/test/yii-1.1.16.bca042/framework/web/CController.php(286): CController->runAction(Object(CInlineAction))
#10 /home/wmx/www/project/test/yii-1.1.16.bca042/framework/web/CController.php(265): CController->runActionWithFilters(Object(CInlineAction), Array)
#11 /home/wmx/www/project/test/yii-1.1.16.bca042/framework/web/CWebApplication.php(282): CController->run('MyForm')
#12 /home/wmx/www/project/test/yii-1.1.16.bca042/framework/web/CWebApplication.php(141): CWebApplication->runController('site/MyForm')
#13 /home/wmx/www/project/test/yii-1.1.16.bca042/framework/base/CApplication.php(184): CWebApplication->processRequest()
#14 /home/wmx/www/project/test/webapp/index.php(13): CApplication->run()
#15 {main}
REQUEST_URI=/index.php?r=site/MyForm
---
2016/01/12 00:05:15 [error] [exception.CException] exception 'CException' with message 'TestForm . .' in /home/wmx/www/project/test/yii-1.1.16.bca042/framework/base/CModel.php:289
Stack trace:
#0 /home/wmx/www/project/test/yii-1.1.16.bca042/framework/base/CModel.php(260): CModel->createValidators()
#1 /home/wmx/www/project/test/yii-1.1.16.bca042/framework/base/CModel.php(547): CModel->getValidators()
#2 /home/wmx/www/project/test/yii-1.1.16.bca042/framework/base/CModel.php(468): CModel->getSafeAttributeNames()
#3 /home/wmx/www/project/test/yii-1.1.16.bca042/framework/base/CComponent.php(152): CModel->setAttributes(Array)
#4 /home/wmx/www/project/test/webapp/protected/controllers/SiteController.php(112): CComponent->__set('attributes', Array)
#5 /home/wmx/www/project/test/yii-1.1.16.bca042/framework/web/actions/CInlineAction.php(49): SiteController->actionMyForm()
#6 /home/wmx/www/project/test/yii-1.1.16.bca042/framework/web/CController.php(308): CInlineAction->runWithParams(Array)
#7 /home/wmx/www/project/test/yii-1.1.16.bca042/framework/web/CController.php(286): CController->runAction(Object(CInlineAction))
#8 /home/wmx/www/project/test/yii-1.1.16.bca042/framework/web/CController.php(265): CController->runActionWithFilters(Object(CInlineAction), Array)
#9 /home/wmx/www/project/test/yii-1.1.16.bca042/framework/web/CWebApplication.php(282): CController->run('MyForm')
#10 /home/wmx/www/project/test/yii-1.1.16.bca042/framework/web/CWebApplication.php(141): CWebApplication->runController('site/MyForm')
#11 /home/wmx/www/project/test/yii-1.1.16.bca042/framework/base/CApplication.php(184): CWebApplication->processRequest()
#12 /home/wmx/www/project/test/webapp/index.php(13): CApplication->run()
#13 {main}
REQUEST_URI=/index.php?r=site/MyForm
HTTP_REFERER=http://test.local/index.php?r=site/MyForm
---
2016/01/12 00:23:57 [error] [php] Undefined variable: file (/home/wmx/www/project/test/webapp/protected/controllers/SiteController.php:120)
Stack trace:
#0 /home/wmx/www/project/test/yii-1.1.16.bca042/framework/web/CController.php(286): SiteController->runAction()
#1 /home/wmx/www/project/test/yii-1.1.16.bca042/framework/web/CController.php(265): SiteController->runActionWithFilters()
#2 /home/wmx/www/project/test/yii-1.1.16.bca042/framework/web/CWebApplication.php(282): SiteController->run()
#3 /home/wmx/www/project/test/yii-1.1.16.bca042/framework/web/CWebApplication.php(141): CWebApplication->runController()
#4 /home/wmx/www/project/test/yii-1.1.16.bca042/framework/base/CApplication.php(184): CWebApplication->processRequest()
#5 /home/wmx/www/project/test/webapp/index.php(13): CWebApplication->run()
REQUEST_URI=/index.php?r=site/MyForm
in /home/wmx/www/project/test/webapp/protected/controllers/SiteController.php (120)
in /home/wmx/www/project/test/webapp/index.php (13)
2016/01/12 00:30:59 [error] [php] Undefined variable: file (/home/wmx/www/project/test/webapp/protected/controllers/SiteController.php:120)
Stack trace:
#0 /home/wmx/www/project/test/yii-1.1.16.bca042/framework/web/CController.php(286): SiteController->runAction()
#1 /home/wmx/www/project/test/yii-1.1.16.bca042/framework/web/CController.php(265): SiteController->runActionWithFilters()
#2 /home/wmx/www/project/test/yii-1.1.16.bca042/framework/web/CWebApplication.php(282): SiteController->run()
#3 /home/wmx/www/project/test/yii-1.1.16.bca042/framework/web/CWebApplication.php(141): CWebApplication->runController()
#4 /home/wmx/www/project/test/yii-1.1.16.bca042/framework/base/CApplication.php(184): CWebApplication->processRequest()
#5 /home/wmx/www/project/test/webapp/index.php(13): CWebApplication->run()
REQUEST_URI=/index.php?r=site/MyForm
in /home/wmx/www/project/test/webapp/protected/controllers/SiteController.php (120)
in /home/wmx/www/project/test/webapp/index.php (13)
2016/01/12 00:55:53 [error] [php] mkdir(): No such file or directory (/home/wmx/www/project/test/webapp/protected/controllers/SiteController.php:161)
Stack trace:
#0 /home/wmx/www/project/test/yii-1.1.16.bca042/framework/web/actions/CInlineAction.php(49): SiteController->actionMyForm()
#1 /home/wmx/www/project/test/yii-1.1.16.bca042/framework/web/CController.php(308): CInlineAction->runWithParams()
#2 /home/wmx/www/project/test/yii-1.1.16.bca042/framework/web/CController.php(286): SiteController->runAction()
#3 /home/wmx/www/project/test/yii-1.1.16.bca042/framework/web/CController.php(265): SiteController->runActionWithFilters()
#4 /home/wmx/www/project/test/yii-1.1.16.bca042/framework/web/CWebApplication.php(282): SiteController->run()
#5 /home/wmx/www/project/test/yii-1.1.16.bca042/framework/web/CWebApplication.php(141): CWebApplication->runController()
#6 /home/wmx/www/project/test/yii-1.1.16.bca042/framework/base/CApplication.php(184): CWebApplication->processRequest()
#7 /home/wmx/www/project/test/webapp/index.php(13): CWebApplication->run()
REQUEST_URI=/index.php?r=site/MyForm
in /home/wmx/www/project/test/webapp/protected/controllers/SiteController.php (161)
in /home/wmx/www/project/test/webapp/protected/controllers/SiteController.php (140)
in /home/wmx/www/project/test/webapp/index.php (13)
2016/01/12 00:59:03 [error] [php] move_uploaded_file(/upload/20160112/1452531543_7256001.pdf): failed to open stream: No such file or directory (/home/wmx/www/project/test/yii-1.1.16.bca042/framework/web/CUploadedFile.php:198)
Stack trace:
#0 /home/wmx/www/project/test/webapp/protected/controllers/SiteController.php(140): SiteController->upLoad()
#1 /home/wmx/www/project/test/yii-1.1.16.bca042/framework/web/actions/CInlineAction.php(49): SiteController->actionMyForm()
#2 /home/wmx/www/project/test/yii-1.1.16.bca042/framework/web/CController.php(308): CInlineAction->runWithParams()
#3 /home/wmx/www/project/test/yii-1.1.16.bca042/framework/web/CController.php(286): SiteController->runAction()
#4 /home/wmx/www/project/test/yii-1.1.16.bca042/framework/web/CController.php(265): SiteController->runActionWithFilters()
#5 /home/wmx/www/project/test/yii-1.1.16.bca042/framework/web/CWebApplication.php(282): SiteController->run()
#6 /home/wmx/www/project/test/yii-1.1.16.bca042/framework/web/CWebApplication.php(141): CWebApplication->runController()
#7 /home/wmx/www/project/test/yii-1.1.16.bca042/framework/base/CApplication.php(184): CWebApplication->processRequest()
#8 /home/wmx/www/project/test/webapp/index.php(13): CWebApplication->run()
REQUEST_URI=/index.php?r=site/MyForm
in /home/wmx/www/project/test/webapp/protected/controllers/SiteController.php (165)
in /home/wmx/www/project/test/webapp/protected/controllers/SiteController.php (140)
in /home/wmx/www/project/test/webapp/index.php (13)
2016/01/12 01:16:02 [error] [exception.CException] exception 'CException' with message ' "TestForm.pdftest" .' in /home/wmx/www/project/test/yii-1.1.16.bca042/framework/base/CComponent.php:130
Stack trace:
#0 /home/wmx/www/project/test/webapp/protected/controllers/SiteController.php(118): CComponent->__get('pdftest')
#1 /home/wmx/www/project/test/yii-1.1.16.bca042/framework/web/actions/CInlineAction.php(49): SiteController->actionMyForm()
#2 /home/wmx/www/project/test/yii-1.1.16.bca042/framework/web/CController.php(308): CInlineAction->runWithParams(Array)
#3 /home/wmx/www/project/test/yii-1.1.16.bca042/framework/web/CController.php(286): CController->runAction(Object(CInlineAction))
#4 /home/wmx/www/project/test/yii-1.1.16.bca042/framework/web/CController.php(265): CController->runActionWithFilters(Object(CInlineAction), Array)
#5 /home/wmx/www/project/test/yii-1.1.16.bca042/framework/web/CWebApplication.php(282): CController->run('MyForm')
#6 /home/wmx/www/project/test/yii-1.1.16.bca042/framework/web/CWebApplication.php(141): CWebApplication->runController('site/MyForm')
#7 /home/wmx/www/project/test/yii-1.1.16.bca042/framework/base/CApplication.php(184): CWebApplication->processRequest()
#8 /home/wmx/www/project/test/webapp/index.php(13): CApplication->run()
#9 {main}
REQUEST_URI=/index.php?r=site/MyForm
HTTP_REFERER=http://test.local/index.php?r=site/MyForm
---
2016/01/12 01:18:08 [error] [exception.CException] exception 'CException' with message ' "TestForm.pdftest" .' in /home/wmx/www/project/test/yii-1.1.16.bca042/framework/base/CComponent.php:130
Stack trace:
#0 /home/wmx/www/project/test/webapp/protected/controllers/SiteController.php(122): CComponent->__get('pdftest')
#1 /home/wmx/www/project/test/yii-1.1.16.bca042/framework/web/actions/CInlineAction.php(49): SiteController->actionMyForm()
#2 /home/wmx/www/project/test/yii-1.1.16.bca042/framework/web/CController.php(308): CInlineAction->runWithParams(Array)
#3 /home/wmx/www/project/test/yii-1.1.16.bca042/framework/web/CController.php(286): CController->runAction(Object(CInlineAction))
#4 /home/wmx/www/project/test/yii-1.1.16.bca042/framework/web/CController.php(265): CController->runActionWithFilters(Object(CInlineAction), Array)
#5 /home/wmx/www/project/test/yii-1.1.16.bca042/framework/web/CWebApplication.php(282): CController->run('MyForm')
#6 /home/wmx/www/project/test/yii-1.1.16.bca042/framework/web/CWebApplication.php(141): CWebApplication->runController('site/MyForm')
#7 /home/wmx/www/project/test/yii-1.1.16.bca042/framework/base/CApplication.php(184): CWebApplication->processRequest()
#8 /home/wmx/www/project/test/webapp/index.php(13): CApplication->run()
#9 {main}
REQUEST_URI=/index.php?r=site/MyForm
HTTP_REFERER=http://test.local/index.php?r=site/MyForm
---
2016/01/17 11:17:58 [warning] [application] Failed to set unsafe attribute "checkBoxTest" of "TestForm".
in /home/wmx/www/project/test/webapp/protected/controllers/SiteController.php (115)
in /home/wmx/www/project/test/webapp/index.php (13)
2016/01/17 14:55:03 [error] [php] unlink(/home/wmx/www/project/test/webapp/protected/extensions/MPDF/tmp/dummy.txt): Permission denied (/home/wmx/www/project/test/webapp/protected/extensions/MPDF/mPDF.php:7505)
Stack trace:
#0 /home/wmx/www/project/test/yii-1.1.16.bca042/framework/web/actions/CInlineAction.php(49): SiteController->actionMyPdf()
#1 /home/wmx/www/project/test/yii-1.1.16.bca042/framework/web/CController.php(308): CInlineAction->runWithParams()
#2 /home/wmx/www/project/test/yii-1.1.16.bca042/framework/web/CController.php(286): SiteController->runAction()
#3 /home/wmx/www/project/test/yii-1.1.16.bca042/framework/web/CController.php(265): SiteController->runActionWithFilters()
#4 /home/wmx/www/project/test/yii-1.1.16.bca042/framework/web/CWebApplication.php(282): SiteController->run()
#5 /home/wmx/www/project/test/yii-1.1.16.bca042/framework/web/CWebApplication.php(141): CWebApplication->runController()
#6 /home/wmx/www/project/test/yii-1.1.16.bca042/framework/base/CApplication.php(184): CWebApplication->processRequest()
#7 /home/wmx/www/project/test/webapp/index.php(13): CWebApplication->run()
REQUEST_URI=/index.php?r=site/Mypdf
in /home/wmx/www/project/test/webapp/protected/extensions/MPDF/mPDF.php (7505)
in /home/wmx/www/project/test/webapp/protected/controllers/SiteController.php (106)
in /home/wmx/www/project/test/webapp/index.php (13)
2016/01/17 22:55:18 [error] [php] Missing argument 1 for CWebUser::checkAccess(), called in /home/wmx/www/project/test/webapp/protected/controllers/SiteController.php on line 113 and defined (/home/wmx/www/project/test/yii-1.1.16.bca042/framework/web/auth/CWebUser.php:810)
Stack trace:
#0 /home/wmx/www/project/test/yii-1.1.16.bca042/framework/web/CController.php(308): CInlineAction->runWithParams()
#1 /home/wmx/www/project/test/yii-1.1.16.bca042/framework/web/CController.php(286): SiteController->runAction()
#2 /home/wmx/www/project/test/yii-1.1.16.bca042/framework/web/CController.php(265): SiteController->runActionWithFilters()
#3 /home/wmx/www/project/test/yii-1.1.16.bca042/framework/web/CWebApplication.php(282): SiteController->run()
#4 /home/wmx/www/project/test/yii-1.1.16.bca042/framework/web/CWebApplication.php(141): CWebApplication->runController()
#5 /home/wmx/www/project/test/yii-1.1.16.bca042/framework/base/CApplication.php(184): CWebApplication->processRequest()
#6 /home/wmx/www/project/test/webapp/index.php(13): CWebApplication->run()
REQUEST_URI=/index.php?r=site/MyForm
in /home/wmx/www/project/test/webapp/protected/controllers/SiteController.php (113)
in /home/wmx/www/project/test/webapp/index.php (13)
2016/01/17 22:55:33 [error] [php] Missing argument 1 for CWebUser::checkAccess(), called in /home/wmx/www/project/test/webapp/protected/controllers/SiteController.php on line 113 and defined (/home/wmx/www/project/test/yii-1.1.16.bca042/framework/web/auth/CWebUser.php:810)
Stack trace:
#0 /home/wmx/www/project/test/yii-1.1.16.bca042/framework/web/CController.php(308): CInlineAction->runWithParams()
#1 /home/wmx/www/project/test/yii-1.1.16.bca042/framework/web/CController.php(286): SiteController->runAction()
#2 /home/wmx/www/project/test/yii-1.1.16.bca042/framework/web/CController.php(265): SiteController->runActionWithFilters()
#3 /home/wmx/www/project/test/yii-1.1.16.bca042/framework/web/CWebApplication.php(282): SiteController->run()
#4 /home/wmx/www/project/test/yii-1.1.16.bca042/framework/web/CWebApplication.php(141): CWebApplication->runController()
#5 /home/wmx/www/project/test/yii-1.1.16.bca042/framework/base/CApplication.php(184): CWebApplication->processRequest()
#6 /home/wmx/www/project/test/webapp/index.php(13): CWebApplication->run()
REQUEST_URI=/index.php?r=site/MyForm
in /home/wmx/www/project/test/webapp/protected/controllers/SiteController.php (113)
in /home/wmx/www/project/test/webapp/index.php (13)
2016/01/17 22:55:53 [error] [php] Missing argument 1 for CWebUser::checkAccess(), called in /home/wmx/www/project/test/webapp/protected/controllers/SiteController.php on line 113 and defined (/home/wmx/www/project/test/yii-1.1.16.bca042/framework/web/auth/CWebUser.php:810)
Stack trace:
#0 /home/wmx/www/project/test/yii-1.1.16.bca042/framework/web/CController.php(308): CInlineAction->runWithParams()
#1 /home/wmx/www/project/test/yii-1.1.16.bca042/framework/web/CController.php(286): SiteController->runAction()
#2 /home/wmx/www/project/test/yii-1.1.16.bca042/framework/web/CController.php(265): SiteController->runActionWithFilters()
#3 /home/wmx/www/project/test/yii-1.1.16.bca042/framework/web/CWebApplication.php(282): SiteController->run()
#4 /home/wmx/www/project/test/yii-1.1.16.bca042/framework/web/CWebApplication.php(141): CWebApplication->runController()
#5 /home/wmx/www/project/test/yii-1.1.16.bca042/framework/base/CApplication.php(184): CWebApplication->processRequest()
#6 /home/wmx/www/project/test/webapp/index.php(13): CWebApplication->run()
REQUEST_URI=/index.php?r=site/MyForm
in /home/wmx/www/project/test/webapp/protected/controllers/SiteController.php (113)
in /home/wmx/www/project/test/webapp/index.php (13)
2016/01/17 22:55:58 [error] [php] Missing argument 1 for CWebUser::checkAccess(), called in /home/wmx/www/project/test/webapp/protected/controllers/SiteController.php on line 113 and defined (/home/wmx/www/project/test/yii-1.1.16.bca042/framework/web/auth/CWebUser.php:810)
Stack trace:
#0 /home/wmx/www/project/test/yii-1.1.16.bca042/framework/web/CController.php(308): CInlineAction->runWithParams()
#1 /home/wmx/www/project/test/yii-1.1.16.bca042/framework/web/CController.php(286): SiteController->runAction()
#2 /home/wmx/www/project/test/yii-1.1.16.bca042/framework/web/CController.php(265): SiteController->runActionWithFilters()
#3 /home/wmx/www/project/test/yii-1.1.16.bca042/framework/web/CWebApplication.php(282): SiteController->run()
#4 /home/wmx/www/project/test/yii-1.1.16.bca042/framework/web/CWebApplication.php(141): CWebApplication->runController()
#5 /home/wmx/www/project/test/yii-1.1.16.bca042/framework/base/CApplication.php(184): CWebApplication->processRequest()
#6 /home/wmx/www/project/test/webapp/index.php(13): CWebApplication->run()
REQUEST_URI=/index.php?r=site/MyForm
in /home/wmx/www/project/test/webapp/protected/controllers/SiteController.php (113)
in /home/wmx/www/project/test/webapp/index.php (13)
